<?xml version="1.0" encoding="UTF-8"?>
<testng-results skipped="0" failed="0" ignored="0" total="1" passed="1">
  <reporter-output>
  </reporter-output>
  <suite name="Default suite" duration-ms="4942" started-at="2021-06-11T16:17:39Z" finished-at="2021-06-11T16:17:44Z">
    <groups>
    </groups>
    <test name="Default test" duration-ms="4942" started-at="2021-06-11T16:17:39Z" finished-at="2021-06-11T16:17:44Z">
      <class name="testCases.TC001">
        <test-method status="PASS" signature="testCase1()[pri:0, instance:testCases.TC001@56a6d5a6]" name="testCase1" duration-ms="4913" started-at="2021-06-11T16:17:39Z" finished-at="2021-06-11T16:17:44Z">
          <reporter-output>
          </reporter-output>
        </test-method> <!-- testCase1 -->
      </class> <!-- testCases.TC001 -->
    </test> <!-- Default test -->
  </suite> <!-- Default suite -->
</testng-results>
